<?xml version="1.0" encoding="UTF-8"?>
<testng-results ignored="0" total="1" passed="1" failed="0" skipped="0">
  <reporter-output>
  </reporter-output>
  <suite started-at="2021-11-27T18:58:31 IST" name="Automation" finished-at="2021-11-27T19:00:40 IST" duration-ms="128733">
    <groups>
    </groups>
    <test started-at="2021-11-27T18:58:31 IST" name="ActiTime TestScript" finished-at="2021-11-27T19:00:40 IST" duration-ms="128733">
      <class name="com.sgtesting.actitime.driverscript.DriverScript">
        <test-method is-config="true" signature="startAutomationSuite()[pri:0, instance:com.sgtesting.actitime.driverscript.DriverScript@4007f65e]" started-at="2021-11-27T18:58:31 IST" name="startAutomationSuite" finished-at="2021-11-27T18:58:31 IST" duration-ms="23" status="PASS">
          <reporter-output>
          </reporter-output>
        </test-method> <!-- startAutomationSuite -->
        <test-method is-config="true" signature="loadFiles()[pri:0, instance:com.sgtesting.actitime.driverscript.DriverScript@4007f65e]" started-at="2021-11-27T18:58:31 IST" name="loadFiles" finished-at="2021-11-27T18:58:31 IST" duration-ms="7" status="PASS">
          <reporter-output>
          </reporter-output>
        </test-method> <!-- loadFiles -->
        <test-method signature="executeTestScenarios()[pri:0, instance:com.sgtesting.actitime.driverscript.DriverScript@4007f65e]" started-at="2021-11-27T18:58:31 IST" name="executeTestScenarios" finished-at="2021-11-27T19:00:40 IST" duration-ms="128688" status="PASS">
          <reporter-output>
          </reporter-output>
        </test-method> <!-- executeTestScenarios -->
        <test-method is-config="true" signature="endAutomationSuite()[pri:0, instance:com.sgtesting.actitime.driverscript.DriverScript@4007f65e]" started-at="2021-11-27T19:00:40 IST" name="endAutomationSuite" finished-at="2021-11-27T19:00:40 IST" duration-ms="92" status="PASS">
          <reporter-output>
          </reporter-output>
        </test-method> <!-- endAutomationSuite -->
      </class> <!-- com.sgtesting.actitime.driverscript.DriverScript -->
    </test> <!-- ActiTime TestScript -->
  </suite> <!-- Automation -->
</testng-results>
