<?xml version="1.0" encoding="UTF-8"?>
<!-- Generated by org.testng.reporters.JUnitXMLReporter -->
<testsuite ignored="0" hostname="Mahesh-PC" failures="0" tests="12" name="Default test" time="78.213" errors="0" timestamp="2021-11-16T14:00:50 IST">
  <testcase classname="com.sgtesting.actitime.scenarios.Assaignment7" name="launchBrowser" time="2.65"/>
  <testcase classname="com.sgtesting.actitime.scenarios.Assaignment7" name="navigate" time="2.223"/>
  <testcase classname="com.sgtesting.actitime.scenarios.Assaignment7" name="login" time="5.329"/>
  <testcase classname="com.sgtesting.actitime.scenarios.Assaignment7" name="minimizeFlyOutWindow" time="2.1"/>
  <testcase classname="com.sgtesting.actitime.scenarios.Assaignment7" name="createCustomer" time="13.008"/>
  <testcase classname="com.sgtesting.actitime.scenarios.Assaignment7" name="createProject" time="10.501"/>
  <testcase classname="com.sgtesting.actitime.scenarios.Assaignment7" name="createTasks" time="10.401"/>
  <testcase classname="com.sgtesting.actitime.scenarios.Assaignment7" name="deleteTasks" time="10.409"/>
  <testcase classname="com.sgtesting.actitime.scenarios.Assaignment7" name="deleteProject" time="8.403"/>
  <testcase classname="com.sgtesting.actitime.scenarios.Assaignment7" name="deleteCustomer" time="10.387"/>
  <testcase classname="com.sgtesting.actitime.scenarios.Assaignment7" name="logout" time="2.344"/>
  <testcase classname="com.sgtesting.actitime.scenarios.Assaignment7" name="closeApplication" time="0.358"/>
</testsuite> <!-- Default test -->
