<?xml version="1.0" encoding="UTF-8"?>
<!-- Generated by org.testng.reporters.JUnitXMLReporter -->
<testsuite ignored="0" hostname="Mahesh-PC" failures="3" tests="6" name="Users and Products" time="0.147" errors="0" timestamp="2021-11-15T14:57:45 IST">
  <testcase classname="com.sgtesting.tests.users.Users" name="createUser" time="0.0">
    <failure type="org.testng.TestNGException" message="
Parameter &amp;apos;username&amp;apos; is required by @Test on method createUser but has not been marked @Optional or defined
in E:\CurrentWorkSpace\TestAutomation\Testng-Automation\ExecuteTestngTestsUsingPackageLevel.xml">
      <![CDATA[org.testng.TestNGException: 
Parameter 'username' is required by @Test on method createUser but has not been marked @Optional or defined
in E:\CurrentWorkSpace\TestAutomation\Testng-Automation\ExecuteTestngTestsUsingPackageLevel.xml
at java.base/java.util.ArrayList.forEach(ArrayList.java:1511)
... Removed 26 stack frames]]>
    </failure>
  </testcase> <!-- createUser -->
  <testcase classname="com.sgtesting.tests.users.Users" name="deleteUser" time="0.0">
    <failure type="org.testng.TestNGException" message="
Parameter &amp;apos;username&amp;apos; is required by @Test on method deleteUser but has not been marked @Optional or defined
in E:\CurrentWorkSpace\TestAutomation\Testng-Automation\ExecuteTestngTestsUsingPackageLevel.xml">
      <![CDATA[org.testng.TestNGException: 
Parameter 'username' is required by @Test on method deleteUser but has not been marked @Optional or defined
in E:\CurrentWorkSpace\TestAutomation\Testng-Automation\ExecuteTestngTestsUsingPackageLevel.xml
at java.base/java.util.ArrayList.forEach(ArrayList.java:1511)
... Removed 26 stack frames]]>
    </failure>
  </testcase> <!-- deleteUser -->
  <testcase classname="com.sgtesting.tests.users.Users" name="modifyUser" time="0.0">
    <failure type="org.testng.TestNGException" message="
Parameter &amp;apos;username&amp;apos; is required by @Test on method modifyUser but has not been marked @Optional or defined
in E:\CurrentWorkSpace\TestAutomation\Testng-Automation\ExecuteTestngTestsUsingPackageLevel.xml">
      <![CDATA[org.testng.TestNGException: 
Parameter 'username' is required by @Test on method modifyUser but has not been marked @Optional or defined
in E:\CurrentWorkSpace\TestAutomation\Testng-Automation\ExecuteTestngTestsUsingPackageLevel.xml
at java.base/java.util.ArrayList.forEach(ArrayList.java:1511)
... Removed 26 stack frames]]>
    </failure>
  </testcase> <!-- modifyUser -->
  <testcase classname="com.sgtesting.tests.products.Products" name="createProduct" time="0.002"/>
  <testcase classname="com.sgtesting.tests.products.Products" name="deleteProduct" time="0.045"/>
  <testcase classname="com.sgtesting.tests.products.Products" name="modifyProduct" time="0.006"/>
</testsuite> <!-- Users and Products -->
