<?xml version="1.0" encoding="UTF-8"?>
<testng-results ignored="0" total="67" passed="67" failed="0" skipped="0">
  <reporter-output>
  </reporter-output>
  <suite started-at="2021-11-16T16:56:39 IST" name="Testng TestScripts" finished-at="2021-11-16T17:03:11 IST" duration-ms="391143">
    <groups>
    </groups>
    <test started-at="2021-11-16T16:56:39 IST" name="ActiTimeScenarios" finished-at="2021-11-16T17:03:11 IST" duration-ms="391143">
      <class name="com.sgtesting.actitime.scenarios.Assaignment4">
        <test-method signature="launchBrowser()[pri:1, instance:com.sgtesting.actitime.scenarios.Assaignment4@1033576a]" started-at="2021-11-16T16:58:56 IST" name="launchBrowser" finished-at="2021-11-16T16:58:58 IST" duration-ms="2014" status="PASS">
          <reporter-output>
          </reporter-output>
        </test-method> <!-- launchBrowser -->
        <test-method signature="navigate()[pri:2, instance:com.sgtesting.actitime.scenarios.Assaignment4@1033576a]" started-at="2021-11-16T16:58:58 IST" name="navigate" finished-at="2021-11-16T16:59:01 IST" duration-ms="2358" status="PASS">
          <reporter-output>
          </reporter-output>
        </test-method> <!-- navigate -->
        <test-method signature="login(java.lang.String,java.lang.String)[pri:3, instance:com.sgtesting.actitime.scenarios.Assaignment4@1033576a]" started-at="2021-11-16T16:59:01 IST" name="login" data-provider="credentails" finished-at="2021-11-16T16:59:06 IST" duration-ms="5294" status="PASS">
          <params>
            <param index="0">
              <value>
                <![CDATA[admin]]>
              </value>
            </param>
            <param index="1">
              <value>
                <![CDATA[manager]]>
              </value>
            </param>
          </params>
          <reporter-output>
          </reporter-output>
        </test-method> <!-- login -->
        <test-method signature="minimizeFlyOutWindow()[pri:4, instance:com.sgtesting.actitime.scenarios.Assaignment4@1033576a]" started-at="2021-11-16T16:59:06 IST" name="minimizeFlyOutWindow" finished-at="2021-11-16T16:59:08 IST" duration-ms="2152" status="PASS">
          <reporter-output>
          </reporter-output>
        </test-method> <!-- minimizeFlyOutWindow -->
        <test-method signature="createCustomer(java.lang.String)[pri:5, instance:com.sgtesting.actitime.scenarios.Assaignment4@1033576a]" started-at="2021-11-16T16:59:08 IST" name="createCustomer" data-provider="credentails1" finished-at="2021-11-16T16:59:21 IST" duration-ms="13206" status="PASS">
          <params>
            <param index="0">
              <value>
                <![CDATA[customer1]]>
              </value>
            </param>
          </params>
          <reporter-output>
          </reporter-output>
        </test-method> <!-- createCustomer -->
        <test-method signature="modifyCustomer(java.lang.String)[pri:6, instance:com.sgtesting.actitime.scenarios.Assaignment4@1033576a]" started-at="2021-11-16T16:59:21 IST" name="modifyCustomer" data-provider="credentails2" finished-at="2021-11-16T16:59:34 IST" duration-ms="12627" status="PASS">
          <params>
            <param index="0">
              <value>
                <![CDATA[customer2]]>
              </value>
            </param>
          </params>
          <reporter-output>
          </reporter-output>
        </test-method> <!-- modifyCustomer -->
        <test-method signature="deleteCustomer()[pri:7, instance:com.sgtesting.actitime.scenarios.Assaignment4@1033576a]" started-at="2021-11-16T16:59:34 IST" name="deleteCustomer" finished-at="2021-11-16T16:59:45 IST" duration-ms="10569" status="PASS">
          <reporter-output>
          </reporter-output>
        </test-method> <!-- deleteCustomer -->
        <test-method signature="logout()[pri:8, instance:com.sgtesting.actitime.scenarios.Assaignment4@1033576a]" started-at="2021-11-16T16:59:45 IST" name="logout" finished-at="2021-11-16T16:59:47 IST" duration-ms="2366" status="PASS">
          <reporter-output>
          </reporter-output>
        </test-method> <!-- logout -->
        <test-method signature="closeApplication()[pri:9, instance:com.sgtesting.actitime.scenarios.Assaignment4@1033576a]" started-at="2021-11-16T16:59:47 IST" name="closeApplication" finished-at="2021-11-16T16:59:47 IST" duration-ms="538" status="PASS">
          <reporter-output>
          </reporter-output>
        </test-method> <!-- closeApplication -->
      </class> <!-- com.sgtesting.actitime.scenarios.Assaignment4 -->
      <class name="com.sgtesting.actitime.scenarios.Assaignment5">
        <test-method signature="launchBrowser()[pri:1, instance:com.sgtesting.actitime.scenarios.Assaignment5@303cf2ba]" started-at="2021-11-16T16:59:47 IST" name="launchBrowser" finished-at="2021-11-16T16:59:50 IST" duration-ms="2096" status="PASS">
          <reporter-output>
          </reporter-output>
        </test-method> <!-- launchBrowser -->
        <test-method signature="navigate()[pri:2, instance:com.sgtesting.actitime.scenarios.Assaignment5@303cf2ba]" started-at="2021-11-16T16:59:50 IST" name="navigate" finished-at="2021-11-16T16:59:52 IST" duration-ms="2444" status="PASS">
          <reporter-output>
          </reporter-output>
        </test-method> <!-- navigate -->
        <test-method signature="login(java.lang.String,java.lang.String)[pri:3, instance:com.sgtesting.actitime.scenarios.Assaignment5@303cf2ba]" started-at="2021-11-16T16:59:52 IST" name="login" data-provider="credentails" finished-at="2021-11-16T16:59:57 IST" duration-ms="5293" status="PASS">
          <params>
            <param index="0">
              <value>
                <![CDATA[admin]]>
              </value>
            </param>
            <param index="1">
              <value>
                <![CDATA[manager]]>
              </value>
            </param>
          </params>
          <reporter-output>
          </reporter-output>
        </test-method> <!-- login -->
        <test-method signature="minimizeFlyOutWindow()[pri:4, instance:com.sgtesting.actitime.scenarios.Assaignment5@303cf2ba]" started-at="2021-11-16T16:59:57 IST" name="minimizeFlyOutWindow" finished-at="2021-11-16T16:59:59 IST" duration-ms="2139" status="PASS">
          <reporter-output>
          </reporter-output>
        </test-method> <!-- minimizeFlyOutWindow -->
        <test-method signature="createCustomer(java.lang.String)[pri:5, instance:com.sgtesting.actitime.scenarios.Assaignment5@303cf2ba]" started-at="2021-11-16T16:59:59 IST" name="createCustomer" data-provider="credentails1" finished-at="2021-11-16T17:00:13 IST" duration-ms="13107" status="PASS">
          <params>
            <param index="0">
              <value>
                <![CDATA[customer1]]>
              </value>
            </param>
          </params>
          <reporter-output>
          </reporter-output>
        </test-method> <!-- createCustomer -->
        <test-method signature="createProject(java.lang.String)[pri:6, instance:com.sgtesting.actitime.scenarios.Assaignment5@303cf2ba]" started-at="2021-11-16T17:00:13 IST" name="createProject" data-provider="credentails2" finished-at="2021-11-16T17:00:23 IST" duration-ms="10615" status="PASS">
          <params>
            <param index="0">
              <value>
                <![CDATA[project1]]>
              </value>
            </param>
          </params>
          <reporter-output>
          </reporter-output>
        </test-method> <!-- createProject -->
        <test-method signature="deleteProject()[pri:7, instance:com.sgtesting.actitime.scenarios.Assaignment5@303cf2ba]" started-at="2021-11-16T17:00:23 IST" name="deleteProject" finished-at="2021-11-16T17:00:32 IST" duration-ms="8596" status="PASS">
          <reporter-output>
          </reporter-output>
        </test-method> <!-- deleteProject -->
        <test-method signature="deleteCustomer()[pri:8, instance:com.sgtesting.actitime.scenarios.Assaignment5@303cf2ba]" started-at="2021-11-16T17:00:32 IST" name="deleteCustomer" finished-at="2021-11-16T17:00:42 IST" duration-ms="10594" status="PASS">
          <reporter-output>
          </reporter-output>
        </test-method> <!-- deleteCustomer -->
        <test-method signature="logout()[pri:9, instance:com.sgtesting.actitime.scenarios.Assaignment5@303cf2ba]" started-at="2021-11-16T17:00:42 IST" name="logout" finished-at="2021-11-16T17:00:45 IST" duration-ms="2371" status="PASS">
          <reporter-output>
          </reporter-output>
        </test-method> <!-- logout -->
        <test-method signature="closeApplication()[pri:10, instance:com.sgtesting.actitime.scenarios.Assaignment5@303cf2ba]" started-at="2021-11-16T17:00:45 IST" name="closeApplication" finished-at="2021-11-16T17:00:45 IST" duration-ms="313" status="PASS">
          <reporter-output>
          </reporter-output>
        </test-method> <!-- closeApplication -->
      </class> <!-- com.sgtesting.actitime.scenarios.Assaignment5 -->
      <class name="com.sgtesting.actitime.scenarios.Assaignment6">
        <test-method signature="launchBrowser()[pri:1, instance:com.sgtesting.actitime.scenarios.Assaignment6@76494737]" started-at="2021-11-16T17:00:45 IST" name="launchBrowser" finished-at="2021-11-16T17:00:46 IST" duration-ms="1227" status="PASS">
          <reporter-output>
          </reporter-output>
        </test-method> <!-- launchBrowser -->
        <test-method signature="navigate()[pri:2, instance:com.sgtesting.actitime.scenarios.Assaignment6@76494737]" started-at="2021-11-16T17:00:46 IST" name="navigate" finished-at="2021-11-16T17:00:48 IST" duration-ms="2091" status="PASS">
          <reporter-output>
          </reporter-output>
        </test-method> <!-- navigate -->
        <test-method signature="login(java.lang.String,java.lang.String)[pri:3, instance:com.sgtesting.actitime.scenarios.Assaignment6@76494737]" started-at="2021-11-16T17:00:48 IST" name="login" data-provider="credentails" finished-at="2021-11-16T17:00:54 IST" duration-ms="5313" status="PASS">
          <params>
            <param index="0">
              <value>
                <![CDATA[admin]]>
              </value>
            </param>
            <param index="1">
              <value>
                <![CDATA[manager]]>
              </value>
            </param>
          </params>
          <reporter-output>
          </reporter-output>
        </test-method> <!-- login -->
        <test-method signature="minimizeFlyOutWindow()[pri:4, instance:com.sgtesting.actitime.scenarios.Assaignment6@76494737]" started-at="2021-11-16T17:00:54 IST" name="minimizeFlyOutWindow" finished-at="2021-11-16T17:00:56 IST" duration-ms="2082" status="PASS">
          <reporter-output>
          </reporter-output>
        </test-method> <!-- minimizeFlyOutWindow -->
        <test-method signature="createCustomer(java.lang.String)[pri:5, instance:com.sgtesting.actitime.scenarios.Assaignment6@76494737]" started-at="2021-11-16T17:00:56 IST" name="createCustomer" data-provider="credentails1" finished-at="2021-11-16T17:01:09 IST" duration-ms="13393" status="PASS">
          <params>
            <param index="0">
              <value>
                <![CDATA[customer1]]>
              </value>
            </param>
          </params>
          <reporter-output>
          </reporter-output>
        </test-method> <!-- createCustomer -->
        <test-method signature="createProject(java.lang.String)[pri:6, instance:com.sgtesting.actitime.scenarios.Assaignment6@76494737]" started-at="2021-11-16T17:01:09 IST" name="createProject" data-provider="credentails2" finished-at="2021-11-16T17:01:20 IST" duration-ms="10713" status="PASS">
          <params>
            <param index="0">
              <value>
                <![CDATA[project1]]>
              </value>
            </param>
          </params>
          <reporter-output>
          </reporter-output>
        </test-method> <!-- createProject -->
        <test-method signature="modifyProject(java.lang.String)[pri:6, instance:com.sgtesting.actitime.scenarios.Assaignment6@76494737]" started-at="2021-11-16T17:01:20 IST" name="modifyProject" data-provider="credentails3" finished-at="2021-11-16T17:01:33 IST" duration-ms="12951" status="PASS">
          <params>
            <param index="0">
              <value>
                <![CDATA[project2]]>
              </value>
            </param>
          </params>
          <reporter-output>
          </reporter-output>
        </test-method> <!-- modifyProject -->
        <test-method signature="deleteProject()[pri:8, instance:com.sgtesting.actitime.scenarios.Assaignment6@76494737]" started-at="2021-11-16T17:01:33 IST" name="deleteProject" finished-at="2021-11-16T17:01:39 IST" duration-ms="6417" status="PASS">
          <reporter-output>
          </reporter-output>
        </test-method> <!-- deleteProject -->
        <test-method signature="deleteCustomer()[pri:9, instance:com.sgtesting.actitime.scenarios.Assaignment6@76494737]" started-at="2021-11-16T17:01:39 IST" name="deleteCustomer" finished-at="2021-11-16T17:01:50 IST" duration-ms="10623" status="PASS">
          <reporter-output>
          </reporter-output>
        </test-method> <!-- deleteCustomer -->
        <test-method signature="logout()[pri:10, instance:com.sgtesting.actitime.scenarios.Assaignment6@76494737]" started-at="2021-11-16T17:01:50 IST" name="logout" finished-at="2021-11-16T17:01:52 IST" duration-ms="2474" status="PASS">
          <reporter-output>
          </reporter-output>
        </test-method> <!-- logout -->
        <test-method signature="closeApplication()[pri:11, instance:com.sgtesting.actitime.scenarios.Assaignment6@76494737]" started-at="2021-11-16T17:01:52 IST" name="closeApplication" finished-at="2021-11-16T17:01:53 IST" duration-ms="329" status="PASS">
          <reporter-output>
          </reporter-output>
        </test-method> <!-- closeApplication -->
      </class> <!-- com.sgtesting.actitime.scenarios.Assaignment6 -->
      <class name="com.sgtesting.actitime.scenarios.Assaignment7">
        <test-method signature="launchBrowser()[pri:1, instance:com.sgtesting.actitime.scenarios.Assaignment7@4a003cbe]" started-at="2021-11-16T17:01:53 IST" name="launchBrowser" finished-at="2021-11-16T17:01:54 IST" duration-ms="1256" status="PASS">
          <reporter-output>
          </reporter-output>
        </test-method> <!-- launchBrowser -->
        <test-method signature="navigate()[pri:2, instance:com.sgtesting.actitime.scenarios.Assaignment7@4a003cbe]" started-at="2021-11-16T17:01:54 IST" name="navigate" finished-at="2021-11-16T17:01:56 IST" duration-ms="2507" status="PASS">
          <reporter-output>
          </reporter-output>
        </test-method> <!-- navigate -->
        <test-method signature="login(java.lang.String,java.lang.String)[pri:3, instance:com.sgtesting.actitime.scenarios.Assaignment7@4a003cbe]" started-at="2021-11-16T17:01:56 IST" name="login" data-provider="credentails" finished-at="2021-11-16T17:02:02 IST" duration-ms="5299" status="PASS">
          <params>
            <param index="0">
              <value>
                <![CDATA[admin]]>
              </value>
            </param>
            <param index="1">
              <value>
                <![CDATA[manager]]>
              </value>
            </param>
          </params>
          <reporter-output>
          </reporter-output>
        </test-method> <!-- login -->
        <test-method signature="minimizeFlyOutWindow()[pri:4, instance:com.sgtesting.actitime.scenarios.Assaignment7@4a003cbe]" started-at="2021-11-16T17:02:02 IST" name="minimizeFlyOutWindow" finished-at="2021-11-16T17:02:04 IST" duration-ms="2084" status="PASS">
          <reporter-output>
          </reporter-output>
        </test-method> <!-- minimizeFlyOutWindow -->
        <test-method signature="createCustomer(java.lang.String)[pri:5, instance:com.sgtesting.actitime.scenarios.Assaignment7@4a003cbe]" started-at="2021-11-16T17:02:04 IST" name="createCustomer" data-provider="credentails1" finished-at="2021-11-16T17:02:17 IST" duration-ms="13275" status="PASS">
          <params>
            <param index="0">
              <value>
                <![CDATA[customer1]]>
              </value>
            </param>
          </params>
          <reporter-output>
          </reporter-output>
        </test-method> <!-- createCustomer -->
        <test-method signature="createProject(java.lang.String)[pri:6, instance:com.sgtesting.actitime.scenarios.Assaignment7@4a003cbe]" started-at="2021-11-16T17:02:17 IST" name="createProject" data-provider="credentails2" finished-at="2021-11-16T17:02:28 IST" duration-ms="10622" status="PASS">
          <params>
            <param index="0">
              <value>
                <![CDATA[project1]]>
              </value>
            </param>
          </params>
          <reporter-output>
          </reporter-output>
        </test-method> <!-- createProject -->
        <test-method signature="createTasks(java.lang.String)[pri:6, instance:com.sgtesting.actitime.scenarios.Assaignment7@4a003cbe]" started-at="2021-11-16T17:02:28 IST" name="createTasks" data-provider="credentails3" finished-at="2021-11-16T17:02:38 IST" duration-ms="10638" status="PASS">
          <params>
            <param index="0">
              <value>
                <![CDATA[Task1]]>
              </value>
            </param>
          </params>
          <reporter-output>
          </reporter-output>
        </test-method> <!-- createTasks -->
        <test-method signature="deleteTasks()[pri:8, instance:com.sgtesting.actitime.scenarios.Assaignment7@4a003cbe]" started-at="2021-11-16T17:02:38 IST" name="deleteTasks" finished-at="2021-11-16T17:02:49 IST" duration-ms="10541" status="PASS">
          <reporter-output>
          </reporter-output>
        </test-method> <!-- deleteTasks -->
        <test-method signature="deleteProject()[pri:9, instance:com.sgtesting.actitime.scenarios.Assaignment7@4a003cbe]" started-at="2021-11-16T17:02:49 IST" name="deleteProject" finished-at="2021-11-16T17:02:57 IST" duration-ms="8484" status="PASS">
          <reporter-output>
          </reporter-output>
        </test-method> <!-- deleteProject -->
        <test-method signature="deleteCustomer()[pri:10, instance:com.sgtesting.actitime.scenarios.Assaignment7@4a003cbe]" started-at="2021-11-16T17:02:57 IST" name="deleteCustomer" finished-at="2021-11-16T17:03:08 IST" duration-ms="10483" status="PASS">
          <reporter-output>
          </reporter-output>
        </test-method> <!-- deleteCustomer -->
        <test-method signature="logout()[pri:11, instance:com.sgtesting.actitime.scenarios.Assaignment7@4a003cbe]" started-at="2021-11-16T17:03:08 IST" name="logout" finished-at="2021-11-16T17:03:10 IST" duration-ms="2382" status="PASS">
          <reporter-output>
          </reporter-output>
        </test-method> <!-- logout -->
        <test-method signature="closeApplication()[pri:12, instance:com.sgtesting.actitime.scenarios.Assaignment7@4a003cbe]" started-at="2021-11-16T17:03:10 IST" name="closeApplication" finished-at="2021-11-16T17:03:11 IST" duration-ms="300" status="PASS">
          <reporter-output>
          </reporter-output>
        </test-method> <!-- closeApplication -->
      </class> <!-- com.sgtesting.actitime.scenarios.Assaignment7 -->
      <class name="com.sgtesting.actitime.scenarios.Assaignment1">
        <test-method signature="launchBrowser()[pri:1, instance:com.sgtesting.actitime.scenarios.Assaignment1@710c2b53]" started-at="2021-11-16T16:56:40 IST" name="launchBrowser" finished-at="2021-11-16T16:56:43 IST" duration-ms="3439" status="PASS">
          <reporter-output>
          </reporter-output>
        </test-method> <!-- launchBrowser -->
        <test-method signature="navigate()[pri:2, instance:com.sgtesting.actitime.scenarios.Assaignment1@710c2b53]" started-at="2021-11-16T16:56:43 IST" name="navigate" finished-at="2021-11-16T16:56:46 IST" duration-ms="3108" status="PASS">
          <reporter-output>
          </reporter-output>
        </test-method> <!-- navigate -->
        <test-method signature="login(java.lang.String,java.lang.String)[pri:3, instance:com.sgtesting.actitime.scenarios.Assaignment1@710c2b53]" started-at="2021-11-16T16:56:46 IST" name="login" data-provider="credentails" finished-at="2021-11-16T16:56:51 IST" duration-ms="5348" status="PASS">
          <params>
            <param index="0">
              <value>
                <![CDATA[admin]]>
              </value>
            </param>
            <param index="1">
              <value>
                <![CDATA[manager]]>
              </value>
            </param>
          </params>
          <reporter-output>
          </reporter-output>
        </test-method> <!-- login -->
        <test-method signature="minimizeFlyOutWindow()[pri:4, instance:com.sgtesting.actitime.scenarios.Assaignment1@710c2b53]" started-at="2021-11-16T16:56:51 IST" name="minimizeFlyOutWindow" finished-at="2021-11-16T16:56:54 IST" duration-ms="2123" status="PASS">
          <reporter-output>
          </reporter-output>
        </test-method> <!-- minimizeFlyOutWindow -->
        <test-method signature="createUser(java.lang.String,java.lang.String,java.lang.String,java.lang.String,java.lang.String,java.lang.String)[pri:5, instance:com.sgtesting.actitime.scenarios.Assaignment1@710c2b53]" started-at="2021-11-16T16:56:54 IST" name="createUser" data-provider="credentails1" finished-at="2021-11-16T16:57:15 IST" duration-ms="21611" status="PASS">
          <params>
            <param index="0">
              <value>
                <![CDATA[user1]]>
              </value>
            </param>
            <param index="1">
              <value>
                <![CDATA[demo1]]>
              </value>
            </param>
            <param index="2">
              <value>
                <![CDATA[demo1@gmail.com]]>
              </value>
            </param>
            <param index="3">
              <value>
                <![CDATA[user1]]>
              </value>
            </param>
            <param index="4">
              <value>
                <![CDATA[12345]]>
              </value>
            </param>
            <param index="5">
              <value>
                <![CDATA[12345]]>
              </value>
            </param>
          </params>
          <reporter-output>
          </reporter-output>
        </test-method> <!-- createUser -->
        <test-method signature="deleteUser()[pri:6, instance:com.sgtesting.actitime.scenarios.Assaignment1@710c2b53]" started-at="2021-11-16T16:57:15 IST" name="deleteUser" finished-at="2021-11-16T16:57:23 IST" duration-ms="7342" status="PASS">
          <reporter-output>
          </reporter-output>
        </test-method> <!-- deleteUser -->
        <test-method signature="logout()[pri:7, instance:com.sgtesting.actitime.scenarios.Assaignment1@710c2b53]" started-at="2021-11-16T16:57:23 IST" name="logout" finished-at="2021-11-16T16:57:25 IST" duration-ms="2379" status="PASS">
          <reporter-output>
          </reporter-output>
        </test-method> <!-- logout -->
        <test-method signature="closeApplication()[pri:8, instance:com.sgtesting.actitime.scenarios.Assaignment1@710c2b53]" started-at="2021-11-16T16:57:25 IST" name="closeApplication" finished-at="2021-11-16T16:57:26 IST" duration-ms="736" status="PASS">
          <reporter-output>
          </reporter-output>
        </test-method> <!-- closeApplication -->
      </class> <!-- com.sgtesting.actitime.scenarios.Assaignment1 -->
      <class name="com.sgtesting.actitime.scenarios.Assaignment2">
        <test-method signature="launchBrowser()[pri:1, instance:com.sgtesting.actitime.scenarios.Assaignment2@7c37508a]" started-at="2021-11-16T16:57:26 IST" name="launchBrowser" finished-at="2021-11-16T16:57:28 IST" duration-ms="1996" status="PASS">
          <reporter-output>
          </reporter-output>
        </test-method> <!-- launchBrowser -->
        <test-method signature="navigate()[pri:2, instance:com.sgtesting.actitime.scenarios.Assaignment2@7c37508a]" started-at="2021-11-16T16:57:28 IST" name="navigate" finished-at="2021-11-16T16:57:30 IST" duration-ms="2023" status="PASS">
          <reporter-output>
          </reporter-output>
        </test-method> <!-- navigate -->
        <test-method signature="login(java.lang.String,java.lang.String)[pri:3, instance:com.sgtesting.actitime.scenarios.Assaignment2@7c37508a]" started-at="2021-11-16T16:57:30 IST" name="login" data-provider="credentails" finished-at="2021-11-16T16:57:35 IST" duration-ms="5304" status="PASS">
          <params>
            <param index="0">
              <value>
                <![CDATA[admin]]>
              </value>
            </param>
            <param index="1">
              <value>
                <![CDATA[manager]]>
              </value>
            </param>
          </params>
          <reporter-output>
          </reporter-output>
        </test-method> <!-- login -->
        <test-method signature="minimizeFlyOutWindow()[pri:4, instance:com.sgtesting.actitime.scenarios.Assaignment2@7c37508a]" started-at="2021-11-16T16:57:35 IST" name="minimizeFlyOutWindow" finished-at="2021-11-16T16:57:37 IST" duration-ms="2195" status="PASS">
          <reporter-output>
          </reporter-output>
        </test-method> <!-- minimizeFlyOutWindow -->
        <test-method signature="createUser(java.lang.String,java.lang.String,java.lang.String,java.lang.String,java.lang.String,java.lang.String)[pri:5, instance:com.sgtesting.actitime.scenarios.Assaignment2@7c37508a]" started-at="2021-11-16T16:57:37 IST" name="createUser" data-provider="credentails1" finished-at="2021-11-16T16:57:59 IST" duration-ms="21838" status="PASS">
          <params>
            <param index="0">
              <value>
                <![CDATA[user1]]>
              </value>
            </param>
            <param index="1">
              <value>
                <![CDATA[demo1]]>
              </value>
            </param>
            <param index="2">
              <value>
                <![CDATA[demo1@gmail.com]]>
              </value>
            </param>
            <param index="3">
              <value>
                <![CDATA[user1]]>
              </value>
            </param>
            <param index="4">
              <value>
                <![CDATA[12345]]>
              </value>
            </param>
            <param index="5">
              <value>
                <![CDATA[12345]]>
              </value>
            </param>
          </params>
          <reporter-output>
          </reporter-output>
        </test-method> <!-- createUser -->
        <test-method signature="modifyUser(java.lang.String)[pri:6, instance:com.sgtesting.actitime.scenarios.Assaignment2@7c37508a]" started-at="2021-11-16T16:57:59 IST" name="modifyUser" data-provider="credentails2" finished-at="2021-11-16T16:58:08 IST" duration-ms="8657" status="PASS">
          <params>
            <param index="0">
              <value>
                <![CDATA[user2]]>
              </value>
            </param>
          </params>
          <reporter-output>
          </reporter-output>
        </test-method> <!-- modifyUser -->
        <test-method signature="deleteUser()[pri:7, instance:com.sgtesting.actitime.scenarios.Assaignment2@7c37508a]" started-at="2021-11-16T16:58:08 IST" name="deleteUser" finished-at="2021-11-16T16:58:15 IST" duration-ms="7296" status="PASS">
          <reporter-output>
          </reporter-output>
        </test-method> <!-- deleteUser -->
        <test-method signature="logout()[pri:7, instance:com.sgtesting.actitime.scenarios.Assaignment2@7c37508a]" started-at="2021-11-16T16:58:15 IST" name="logout" finished-at="2021-11-16T16:58:17 IST" duration-ms="2400" status="PASS">
          <reporter-output>
          </reporter-output>
        </test-method> <!-- logout -->
        <test-method signature="closeApplication()[pri:8, instance:com.sgtesting.actitime.scenarios.Assaignment2@7c37508a]" started-at="2021-11-16T16:58:18 IST" name="closeApplication" finished-at="2021-11-16T16:58:18 IST" duration-ms="499" status="PASS">
          <reporter-output>
          </reporter-output>
        </test-method> <!-- closeApplication -->
      </class> <!-- com.sgtesting.actitime.scenarios.Assaignment2 -->
      <class name="com.sgtesting.actitime.scenarios.Assaignment3">
        <test-method signature="launchBrowser()[pri:1, instance:com.sgtesting.actitime.scenarios.Assaignment3@247310d0]" started-at="2021-11-16T16:58:18 IST" name="launchBrowser" finished-at="2021-11-16T16:58:20 IST" duration-ms="1978" status="PASS">
          <reporter-output>
          </reporter-output>
        </test-method> <!-- launchBrowser -->
        <test-method signature="navigate()[pri:2, instance:com.sgtesting.actitime.scenarios.Assaignment3@247310d0]" started-at="2021-11-16T16:58:20 IST" name="navigate" finished-at="2021-11-16T16:58:22 IST" duration-ms="2281" status="PASS">
          <reporter-output>
          </reporter-output>
        </test-method> <!-- navigate -->
        <test-method signature="login(java.lang.String,java.lang.String)[pri:3, instance:com.sgtesting.actitime.scenarios.Assaignment3@247310d0]" started-at="2021-11-16T16:58:22 IST" name="login" data-provider="credentails" finished-at="2021-11-16T16:58:28 IST" duration-ms="5315" status="PASS">
          <params>
            <param index="0">
              <value>
                <![CDATA[admin]]>
              </value>
            </param>
            <param index="1">
              <value>
                <![CDATA[manager]]>
              </value>
            </param>
          </params>
          <reporter-output>
          </reporter-output>
        </test-method> <!-- login -->
        <test-method signature="minimizeFlyOutWindow()[pri:4, instance:com.sgtesting.actitime.scenarios.Assaignment3@247310d0]" started-at="2021-11-16T16:58:28 IST" name="minimizeFlyOutWindow" finished-at="2021-11-16T16:58:30 IST" duration-ms="2093" status="PASS">
          <reporter-output>
          </reporter-output>
        </test-method> <!-- minimizeFlyOutWindow -->
        <test-method signature="createCustomer(java.lang.String)[pri:5, instance:com.sgtesting.actitime.scenarios.Assaignment3@247310d0]" started-at="2021-11-16T16:58:30 IST" name="createCustomer" data-provider="credentails1" finished-at="2021-11-16T16:58:43 IST" duration-ms="13404" status="PASS">
          <params>
            <param index="0">
              <value>
                <![CDATA[customer1]]>
              </value>
            </param>
          </params>
          <reporter-output>
          </reporter-output>
        </test-method> <!-- createCustomer -->
        <test-method signature="deleteCustomer()[pri:6, instance:com.sgtesting.actitime.scenarios.Assaignment3@247310d0]" started-at="2021-11-16T16:58:43 IST" name="deleteCustomer" finished-at="2021-11-16T16:58:54 IST" duration-ms="10536" status="PASS">
          <reporter-output>
          </reporter-output>
        </test-method> <!-- deleteCustomer -->
        <test-method signature="logout()[pri:7, instance:com.sgtesting.actitime.scenarios.Assaignment3@247310d0]" started-at="2021-11-16T16:58:54 IST" name="logout" finished-at="2021-11-16T16:58:56 IST" duration-ms="2343" status="PASS">
          <reporter-output>
          </reporter-output>
        </test-method> <!-- logout -->
        <test-method signature="closeApplication()[pri:8, instance:com.sgtesting.actitime.scenarios.Assaignment3@247310d0]" started-at="2021-11-16T16:58:56 IST" name="closeApplication" finished-at="2021-11-16T16:58:56 IST" duration-ms="315" status="PASS">
          <reporter-output>
          </reporter-output>
        </test-method> <!-- closeApplication -->
      </class> <!-- com.sgtesting.actitime.scenarios.Assaignment3 -->
    </test> <!-- ActiTimeScenarios -->
  </suite> <!-- Testng TestScripts -->
</testng-results>
