<?xml version="1.0" encoding="UTF-8"?>
<!-- Generated by org.testng.reporters.JUnitXMLReporter -->
<testsuite ignored="0" hostname="Mahesh-PC" failures="0" tests="67" name="ActiTimeScenarios" time="391.143" errors="0" timestamp="2021-11-16T17:03:11 IST">
  <testcase classname="com.sgtesting.actitime.scenarios.Assaignment1" name="launchBrowser" time="3.439"/>
  <testcase classname="com.sgtesting.actitime.scenarios.Assaignment1" name="navigate" time="3.108"/>
  <testcase classname="com.sgtesting.actitime.scenarios.Assaignment1" name="login" time="5.348"/>
  <testcase classname="com.sgtesting.actitime.scenarios.Assaignment1" name="minimizeFlyOutWindow" time="2.123"/>
  <testcase classname="com.sgtesting.actitime.scenarios.Assaignment1" name="createUser" time="21.611"/>
  <testcase classname="com.sgtesting.actitime.scenarios.Assaignment1" name="deleteUser" time="7.342"/>
  <testcase classname="com.sgtesting.actitime.scenarios.Assaignment1" name="logout" time="2.379"/>
  <testcase classname="com.sgtesting.actitime.scenarios.Assaignment1" name="closeApplication" time="0.736"/>
  <testcase classname="com.sgtesting.actitime.scenarios.Assaignment2" name="launchBrowser" time="1.996"/>
  <testcase classname="com.sgtesting.actitime.scenarios.Assaignment2" name="navigate" time="2.023"/>
  <testcase classname="com.sgtesting.actitime.scenarios.Assaignment2" name="login" time="5.304"/>
  <testcase classname="com.sgtesting.actitime.scenarios.Assaignment2" name="minimizeFlyOutWindow" time="2.195"/>
  <testcase classname="com.sgtesting.actitime.scenarios.Assaignment2" name="createUser" time="21.838"/>
  <testcase classname="com.sgtesting.actitime.scenarios.Assaignment2" name="modifyUser" time="8.657"/>
  <testcase classname="com.sgtesting.actitime.scenarios.Assaignment2" name="deleteUser" time="7.296"/>
  <testcase classname="com.sgtesting.actitime.scenarios.Assaignment2" name="logout" time="2.4"/>
  <testcase classname="com.sgtesting.actitime.scenarios.Assaignment2" name="closeApplication" time="0.499"/>
  <testcase classname="com.sgtesting.actitime.scenarios.Assaignment3" name="launchBrowser" time="1.978"/>
  <testcase classname="com.sgtesting.actitime.scenarios.Assaignment3" name="navigate" time="2.281"/>
  <testcase classname="com.sgtesting.actitime.scenarios.Assaignment3" name="login" time="5.315"/>
  <testcase classname="com.sgtesting.actitime.scenarios.Assaignment3" name="minimizeFlyOutWindow" time="2.093"/>
  <testcase classname="com.sgtesting.actitime.scenarios.Assaignment3" name="createCustomer" time="13.404"/>
  <testcase classname="com.sgtesting.actitime.scenarios.Assaignment3" name="deleteCustomer" time="10.536"/>
  <testcase classname="com.sgtesting.actitime.scenarios.Assaignment3" name="logout" time="2.343"/>
  <testcase classname="com.sgtesting.actitime.scenarios.Assaignment3" name="closeApplication" time="0.315"/>
  <testcase classname="com.sgtesting.actitime.scenarios.Assaignment4" name="launchBrowser" time="2.014"/>
  <testcase classname="com.sgtesting.actitime.scenarios.Assaignment4" name="navigate" time="2.358"/>
  <testcase classname="com.sgtesting.actitime.scenarios.Assaignment4" name="login" time="5.294"/>
  <testcase classname="com.sgtesting.actitime.scenarios.Assaignment4" name="minimizeFlyOutWindow" time="2.152"/>
  <testcase classname="com.sgtesting.actitime.scenarios.Assaignment4" name="createCustomer" time="13.206"/>
  <testcase classname="com.sgtesting.actitime.scenarios.Assaignment4" name="modifyCustomer" time="12.627"/>
  <testcase classname="com.sgtesting.actitime.scenarios.Assaignment4" name="deleteCustomer" time="10.569"/>
  <testcase classname="com.sgtesting.actitime.scenarios.Assaignment4" name="logout" time="2.366"/>
  <testcase classname="com.sgtesting.actitime.scenarios.Assaignment4" name="closeApplication" time="0.538"/>
  <testcase classname="com.sgtesting.actitime.scenarios.Assaignment5" name="launchBrowser" time="2.096"/>
  <testcase classname="com.sgtesting.actitime.scenarios.Assaignment5" name="navigate" time="2.444"/>
  <testcase classname="com.sgtesting.actitime.scenarios.Assaignment5" name="login" time="5.293"/>
  <testcase classname="com.sgtesting.actitime.scenarios.Assaignment5" name="minimizeFlyOutWindow" time="2.139"/>
  <testcase classname="com.sgtesting.actitime.scenarios.Assaignment5" name="createCustomer" time="13.107"/>
  <testcase classname="com.sgtesting.actitime.scenarios.Assaignment5" name="createProject" time="10.615"/>
  <testcase classname="com.sgtesting.actitime.scenarios.Assaignment5" name="deleteProject" time="8.596"/>
  <testcase classname="com.sgtesting.actitime.scenarios.Assaignment5" name="deleteCustomer" time="10.594"/>
  <testcase classname="com.sgtesting.actitime.scenarios.Assaignment5" name="logout" time="2.371"/>
  <testcase classname="com.sgtesting.actitime.scenarios.Assaignment5" name="closeApplication" time="0.313"/>
  <testcase classname="com.sgtesting.actitime.scenarios.Assaignment6" name="launchBrowser" time="1.227"/>
  <testcase classname="com.sgtesting.actitime.scenarios.Assaignment6" name="navigate" time="2.091"/>
  <testcase classname="com.sgtesting.actitime.scenarios.Assaignment6" name="login" time="5.313"/>
  <testcase classname="com.sgtesting.actitime.scenarios.Assaignment6" name="minimizeFlyOutWindow" time="2.082"/>
  <testcase classname="com.sgtesting.actitime.scenarios.Assaignment6" name="createCustomer" time="13.393"/>
  <testcase classname="com.sgtesting.actitime.scenarios.Assaignment6" name="createProject" time="10.713"/>
  <testcase classname="com.sgtesting.actitime.scenarios.Assaignment6" name="modifyProject" time="12.951"/>
  <testcase classname="com.sgtesting.actitime.scenarios.Assaignment6" name="deleteProject" time="6.417"/>
  <testcase classname="com.sgtesting.actitime.scenarios.Assaignment6" name="deleteCustomer" time="10.623"/>
  <testcase classname="com.sgtesting.actitime.scenarios.Assaignment6" name="logout" time="2.474"/>
  <testcase classname="com.sgtesting.actitime.scenarios.Assaignment6" name="closeApplication" time="0.329"/>
  <testcase classname="com.sgtesting.actitime.scenarios.Assaignment7" name="launchBrowser" time="1.256"/>
  <testcase classname="com.sgtesting.actitime.scenarios.Assaignment7" name="navigate" time="2.507"/>
  <testcase classname="com.sgtesting.actitime.scenarios.Assaignment7" name="login" time="5.299"/>
  <testcase classname="com.sgtesting.actitime.scenarios.Assaignment7" name="minimizeFlyOutWindow" time="2.084"/>
  <testcase classname="com.sgtesting.actitime.scenarios.Assaignment7" name="createCustomer" time="13.275"/>
  <testcase classname="com.sgtesting.actitime.scenarios.Assaignment7" name="createProject" time="10.622"/>
  <testcase classname="com.sgtesting.actitime.scenarios.Assaignment7" name="createTasks" time="10.638"/>
  <testcase classname="com.sgtesting.actitime.scenarios.Assaignment7" name="deleteTasks" time="10.541"/>
  <testcase classname="com.sgtesting.actitime.scenarios.Assaignment7" name="deleteProject" time="8.484"/>
  <testcase classname="com.sgtesting.actitime.scenarios.Assaignment7" name="deleteCustomer" time="10.483"/>
  <testcase classname="com.sgtesting.actitime.scenarios.Assaignment7" name="logout" time="2.382"/>
  <testcase classname="com.sgtesting.actitime.scenarios.Assaignment7" name="closeApplication" time="0.3"/>
</testsuite> <!-- ActiTimeScenarios -->
