<?xml version="1.0" encoding="UTF-8"?>
<testng-results ignored="0" total="1" passed="1" failed="0" skipped="0">
  <reporter-output>
  </reporter-output>
  <suite started-at="2021-11-27T17:15:38 IST" name="Automation" finished-at="2021-11-27T17:16:35 IST" duration-ms="57415">
    <groups>
    </groups>
    <test started-at="2021-11-27T17:15:38 IST" name="ActiTime TestScript" finished-at="2021-11-27T17:16:35 IST" duration-ms="57415">
      <class name="com.sgtesting.actitime.driverscript.DriverScript">
        <test-method is-config="true" signature="loadFiles()[pri:0, instance:com.sgtesting.actitime.driverscript.DriverScript@5d7148e2]" started-at="2021-11-27T17:15:38 IST" name="loadFiles" finished-at="2021-11-27T17:15:38 IST" duration-ms="11" status="PASS">
          <reporter-output>
          </reporter-output>
        </test-method> <!-- loadFiles -->
        <test-method signature="executeScenarios()[pri:0, instance:com.sgtesting.actitime.driverscript.DriverScript@5d7148e2]" started-at="2021-11-27T17:15:38 IST" name="executeScenarios" finished-at="2021-11-27T17:16:35 IST" duration-ms="57327" status="PASS">
          <reporter-output>
          </reporter-output>
        </test-method> <!-- executeScenarios -->
      </class> <!-- com.sgtesting.actitime.driverscript.DriverScript -->
    </test> <!-- ActiTime TestScript -->
  </suite> <!-- Automation -->
</testng-results>
