<?xml version="1.0" encoding="UTF-8"?>
<!-- Generated by org.testng.reporters.JUnitXMLReporter -->
<testsuite ignored="2" hostname="Mahesh-PC" failures="0" tests="1" name="Default test" time="0.126" errors="0" timestamp="2021-12-07T22:39:40 IST">
  <testcase classname="com.sgtesting.tests.users.Users" name="createUser" time="0.011"/>
  <testcase classname="com.sgtesting.tests.users.Users" name="deleteUser" time="0.0">
    <ignored/>
  </testcase> <!-- deleteUser -->
  <testcase classname="com.sgtesting.tests.users.Users" name="modifyUser" time="0.0">
    <ignored/>
  </testcase> <!-- modifyUser -->
</testsuite> <!-- Default test -->
