<?xml version="1.0" encoding="UTF-8"?>
<testng-results ignored="0" total="6" passed="6" failed="0" skipped="0">
  <reporter-output>
  </reporter-output>
  <suite started-at="2021-11-28T19:58:10 IST" name="testsscripts" finished-at="2021-11-28T19:58:10 IST" duration-ms="104">
    <groups>
    </groups>
    <test started-at="2021-11-28T19:58:10 IST" name="Users and Products" finished-at="2021-11-28T19:58:10 IST" duration-ms="104">
      <class name="com.sgtesting.tests.users.Users">
        <test-method is-config="true" signature="intialize()[pri:0, instance:com.sgtesting.tests.users.Users@2cd2a21f]" started-at="2021-11-28T19:58:10 IST" name="intialize" finished-at="2021-11-28T19:58:10 IST" duration-ms="8" status="PASS">
          <reporter-output>
          </reporter-output>
        </test-method> <!-- intialize -->
        <test-method signature="createUser()[pri:0, instance:com.sgtesting.tests.users.Users@2cd2a21f]" started-at="2021-11-28T19:58:10 IST" name="createUser" finished-at="2021-11-28T19:58:10 IST" duration-ms="7" status="PASS">
          <reporter-output>
          </reporter-output>
        </test-method> <!-- createUser -->
        <test-method signature="modifyUser()[pri:0, instance:com.sgtesting.tests.users.Users@2cd2a21f]" started-at="2021-11-28T19:58:10 IST" name="modifyUser" finished-at="2021-11-28T19:58:10 IST" depends-on-methods="com.sgtesting.tests.users.Users.createUser" duration-ms="2" status="PASS">
          <reporter-output>
          </reporter-output>
        </test-method> <!-- modifyUser -->
        <test-method signature="deleteUser()[pri:0, instance:com.sgtesting.tests.users.Users@2cd2a21f]" started-at="2021-11-28T19:58:10 IST" name="deleteUser" finished-at="2021-11-28T19:58:10 IST" depends-on-methods="com.sgtesting.tests.users.Users.modifyUser" duration-ms="3" status="PASS">
          <reporter-output>
          </reporter-output>
        </test-method> <!-- deleteUser -->
        <test-method is-config="true" signature="tearDown()[pri:0, instance:com.sgtesting.tests.users.Users@2cd2a21f]" started-at="2021-11-28T19:58:10 IST" name="tearDown" finished-at="2021-11-28T19:58:10 IST" duration-ms="0" status="PASS">
          <reporter-output>
          </reporter-output>
        </test-method> <!-- tearDown -->
      </class> <!-- com.sgtesting.tests.users.Users -->
      <class name="com.sgtesting.tests.products.Products">
        <test-method is-config="true" signature="intialize()[pri:0, instance:com.sgtesting.tests.products.Products@79da8dc5]" started-at="2021-11-28T19:58:10 IST" name="intialize" finished-at="2021-11-28T19:58:10 IST" duration-ms="0" status="PASS">
          <reporter-output>
          </reporter-output>
        </test-method> <!-- intialize -->
        <test-method signature="createProduct()[pri:0, instance:com.sgtesting.tests.products.Products@79da8dc5]" started-at="2021-11-28T19:58:10 IST" name="createProduct" finished-at="2021-11-28T19:58:10 IST" duration-ms="2" status="PASS">
          <reporter-output>
          </reporter-output>
        </test-method> <!-- createProduct -->
        <test-method signature="modifyProduct()[pri:0, instance:com.sgtesting.tests.products.Products@79da8dc5]" started-at="2021-11-28T19:58:10 IST" name="modifyProduct" finished-at="2021-11-28T19:58:10 IST" depends-on-methods="com.sgtesting.tests.products.Products.createProduct" duration-ms="2" status="PASS">
          <reporter-output>
          </reporter-output>
        </test-method> <!-- modifyProduct -->
        <test-method signature="deleteProduct()[pri:0, instance:com.sgtesting.tests.products.Products@79da8dc5]" started-at="2021-11-28T19:58:10 IST" name="deleteProduct" finished-at="2021-11-28T19:58:10 IST" depends-on-methods="com.sgtesting.tests.products.Products.modifyProduct" duration-ms="4" status="PASS">
          <reporter-output>
          </reporter-output>
        </test-method> <!-- deleteProduct -->
        <test-method is-config="true" signature="tearDown()[pri:0, instance:com.sgtesting.tests.products.Products@79da8dc5]" started-at="2021-11-28T19:58:10 IST" name="tearDown" finished-at="2021-11-28T19:58:10 IST" duration-ms="1" status="PASS">
          <reporter-output>
          </reporter-output>
        </test-method> <!-- tearDown -->
      </class> <!-- com.sgtesting.tests.products.Products -->
    </test> <!-- Users and Products -->
  </suite> <!-- testsscripts -->
</testng-results>
