<?xml version="1.0" encoding="UTF-8"?>
<testng-results ignored="2" total="3" passed="1" failed="0" skipped="0">
  <reporter-output>
  </reporter-output>
  <suite started-at="2021-12-07T22:39:40 IST" name="Default suite" finished-at="2021-12-07T22:39:40 IST" duration-ms="126">
    <groups>
    </groups>
    <test started-at="2021-12-07T22:39:40 IST" name="Default test" finished-at="2021-12-07T22:39:40 IST" duration-ms="126">
      <class name="com.sgtesting.tests.users.Users">
        <test-method is-config="true" signature="intialize()[pri:0, instance:com.sgtesting.tests.users.Users@41e1e210]" started-at="2021-12-07T22:39:40 IST" name="intialize" finished-at="2021-12-07T22:39:40 IST" duration-ms="15" status="PASS">
          <reporter-output>
          </reporter-output>
        </test-method> <!-- intialize -->
        <test-method signature="createUser()[pri:0, instance:com.sgtesting.tests.users.Users@41e1e210]" started-at="2021-12-07T22:39:40 IST" name="createUser" finished-at="2021-12-07T22:39:40 IST" duration-ms="11" status="PASS">
          <reporter-output>
          </reporter-output>
        </test-method> <!-- createUser -->
        <test-method is-config="true" signature="tearDown()[pri:0, instance:com.sgtesting.tests.users.Users@41e1e210]" started-at="2021-12-07T22:39:40 IST" name="tearDown" finished-at="2021-12-07T22:39:40 IST" duration-ms="2" status="PASS">
          <reporter-output>
          </reporter-output>
        </test-method> <!-- tearDown -->
      </class> <!-- com.sgtesting.tests.users.Users -->
    </test> <!-- Default test -->
  </suite> <!-- Default suite -->
</testng-results>
